INFO-FLOW: Workspace C:/Users/raula/Documents/GitHub/digital/hls_cic/solution1 opened at Sat May 25 12:11:54 +0200 2024
Execute     config_clock -quiet -name default -period 10 -default=false 
INFO: [SYN 201-201] Setting up clock 'default' with a period of 10ns.
Execute     open_platform DefaultPlatform 
Execute     import_lib C:/Xilinx/Vivado/2018.2/common/technology/xilinx/artix7/artix7 
Execute       source C:/Xilinx/Vivado/2018.2/common/technology/xilinx/common/xilinx.lib 
Execute         source C:/Xilinx/Vivado/2018.2/common/technology/xilinx/interface/xilinx_interface.lib 
Execute           source C:/Xilinx/Vivado/2018.2/common/technology/xilinx/interface/plb46.lib 
Execute           source C:/Xilinx/Vivado/2018.2/common/technology/xilinx/interface/fsl.lib 
Execute           source C:/Xilinx/Vivado/2018.2/common/technology/xilinx/interface/axi4.lib 
Execute           source C:/Xilinx/Vivado/2018.2/common/technology/xilinx/interface/maxi.lib 
Execute           source C:/Xilinx/Vivado/2018.2/common/technology/xilinx/interface/saxilite.lib 
Execute         source C:/Xilinx/Vivado/2018.2/common/technology/xilinx/common/dsp48.lib 
Execute         source C:/Xilinx/Vivado/2018.2/common/technology/xilinx/ip/dds_compiler.lib 
Execute         source C:/Xilinx/Vivado/2018.2/common/technology/xilinx/ip/xfft.lib 
Execute         source C:/Xilinx/Vivado/2018.2/common/technology/xilinx/ip/xfir.lib 
Execute       source C:/Xilinx/Vivado/2018.2/common/technology/xilinx/common/xilinx_old.lib 
Execute       source C:/Xilinx/Vivado/2018.2/common/technology/xilinx/common/xilinx_vivado.lib 
Execute       source C:/Xilinx/Vivado/2018.2/common/technology/xilinx/common/xilinx.hlp 
Execute         source C:/Xilinx/Vivado/2018.2/common/technology/xilinx/common/target_info.tcl 
Execute         source C:/Xilinx/Vivado/2018.2/common/technology/xilinx/interface/xilinx_interface.hlp 
Execute           source C:/Xilinx/Vivado/2018.2/common/technology/xilinx/interface/maxi.hlp 
Execute           source C:/Xilinx/Vivado/2018.2/common/technology/xilinx/interface/saxilite.hlp 
Execute         source C:/Xilinx/Vivado/2018.2/common/technology/xilinx/common/dsp48.hlp 
Execute       source C:/Xilinx/Vivado/2018.2/common/technology/xilinx/artix7/dsp48e1.hlp 
Execute       get_default_platform 
Execute       config_chip_info -quiet -resource  {SLICE 15850} {LUT 63400}     {FF 126800} {DSP48E 240}    {BRAM 270}  
Execute       config_chip_info -quiet -speed medium 
Execute       source C:/Xilinx/Vivado/2018.2/common/technology/xilinx/common/xilinx.hlp 
Execute         source C:/Xilinx/Vivado/2018.2/common/technology/xilinx/common/target_info.tcl 
Execute         source C:/Xilinx/Vivado/2018.2/common/technology/xilinx/interface/xilinx_interface.hlp 
Execute           source C:/Xilinx/Vivado/2018.2/common/technology/xilinx/interface/maxi.hlp 
Execute           source C:/Xilinx/Vivado/2018.2/common/technology/xilinx/interface/saxilite.hlp 
Execute         source C:/Xilinx/Vivado/2018.2/common/technology/xilinx/common/dsp48.hlp 
Execute     source C:/Xilinx/Vivado/2018.2/common/technology/xilinx/artix7/artix7.gen 
Execute       source C:/Xilinx/Vivado/2018.2/common/technology/xilinx/common/virtex.gen 
Execute         source C:/Xilinx/Vivado/2018.2/common/technology/xilinx/common/xilinx.gen 
Execute           source C:/Xilinx/Vivado/2018.2/common/technology/xilinx/interface/plb46.gen 
Execute           source C:/Xilinx/Vivado/2018.2/common/technology/xilinx/interface/fsl.gen 
Execute           source C:/Xilinx/Vivado/2018.2/common/technology/xilinx/interface/axi4.gen 
Execute           source C:/Xilinx/Vivado/2018.2/common/technology/xilinx/interface/nativeAXI4.gen 
Execute             source C:/Xilinx/Vivado/2018.2/common/technology/xilinx/interface/saxilite.gen 
Execute             source C:/Xilinx/Vivado/2018.2/common/technology/xilinx/interface/maxi.gen 
Execute           source C:/Xilinx/Vivado/2018.2/common/technology/xilinx/scripts/xilinxcoregen.gen 
Execute           source C:/Xilinx/Vivado/2018.2/common/technology/xilinx/interface/XilEDKCoreGen.gen 
Execute           source C:/Xilinx/Vivado/2018.2/common/technology/xilinx/ip/dds_compiler.gen 
Execute           source C:/Xilinx/Vivado/2018.2/common/technology/xilinx/ip/util.gen 
Execute           source C:/Xilinx/Vivado/2018.2/common/technology/xilinx/ip/xfft.gen 
Execute           source C:/Xilinx/Vivado/2018.2/common/technology/xilinx/ip/xfir.gen 
Command         ap_source done; 0.172 sec.
Execute         source C:/Xilinx/Vivado/2018.2/common/technology/xilinx/common/dsp48.gen 
Command       ap_source done; 0.179 sec.
Command     ap_source done; 0.18 sec.
Execute     open_platform DefaultPlatform 
Execute     import_lib C:/Xilinx/Vivado/2018.2/common/technology/xilinx/artix7/artix7_fpv6 
Execute       source C:/Xilinx/Vivado/2018.2/common/technology/xilinx/common/xilinx_fpv7.lib 
Execute         source C:/Xilinx/Vivado/2018.2/common/technology/xilinx/common/xilinx_hp.lib 
Execute       source C:/Xilinx/Vivado/2018.2/common/technology/xilinx/common/xilinx_fpv.hlp 
Execute         source C:/Xilinx/Vivado/2018.2/common/technology/xilinx/common/xilinx.hlp 
Execute           source C:/Xilinx/Vivado/2018.2/common/technology/xilinx/common/target_info.tcl 
Execute           source C:/Xilinx/Vivado/2018.2/common/technology/xilinx/interface/xilinx_interface.hlp 
Execute             source C:/Xilinx/Vivado/2018.2/common/technology/xilinx/interface/maxi.hlp 
Execute             source C:/Xilinx/Vivado/2018.2/common/technology/xilinx/interface/saxilite.hlp 
Execute           source C:/Xilinx/Vivado/2018.2/common/technology/xilinx/common/dsp48.hlp 
Execute       source C:/Xilinx/Vivado/2018.2/common/technology/xilinx/artix7/artix7_hp.hlp 
Execute     source C:/Xilinx/Vivado/2018.2/common/technology/xilinx/artix7/artix7_fpv6.gen 
Execute       source C:/Xilinx/Vivado/2018.2/common/technology/xilinx/common/xilinx_fpv6.gen 
Execute     set_part xc7a200tfbg676-2 
Execute       add_library xilinx/artix7/artix7:xc7a200t:fbg676:-2 
Execute         get_default_platform 
Execute         license_isbetapart xc7a200t 
Command         license_isbetapart done; error code: 1; 
Execute         get_default_platform 
Execute         config_chip_info -quiet -resource  {SLICE 33650} {LUT 129000}    {FF 269200} {DSP48E 740}    {BRAM 730}  
Execute         config_chip_info -quiet -speed medium 
Execute       add_library xilinx/artix7/artix7_fpv6 
Execute         get_default_platform 
INFO: [HLS 200-10] Setting target device to 'xc7a200tfbg676-2'
Execute       get_default_platform 
Execute     get_default_platform 
Execute     config_chip_info -quiet -resource  {SLICE 33650} {LUT 129000}    {FF 269200} {DSP48E 740}    {BRAM 730}  
Execute     config_chip_info -quiet -speed medium 
Command   open_solution done; 0.425 sec.
Execute   set_part xc7a200tfbg676-2 
Execute     add_library xilinx/artix7/artix7:xc7a200t:fbg676:-2 
Execute       get_default_platform 
Execute       license_isbetapart xc7a200t 
Command       license_isbetapart done; error code: 1; 
Execute       get_default_platform 
Execute       config_chip_info -quiet -resource  {SLICE 33650} {LUT 129000}    {FF 269200} {DSP48E 740}    {BRAM 730}  
Execute       config_chip_info -quiet -speed medium 
Execute     add_library xilinx/artix7/artix7_fpv6 
Execute       get_default_platform 
Execute     get_default_platform 
Execute   create_clock -period 10 -name default 
Execute   csynth_design 
Execute     get_config_compile -effort 
Execute     get_config_compile -enable_clang39 
Execute     get_config_compile -g 
Execute     get_config_compile -lm 
Execute     get_config_compile -ng 
Execute     get_config_compile -opt_fp 
Execute     get_config_compile -skip_cdt 
Execute     get_config_compile -skip_syncheck 
Execute     get_config_compile -skip_transform 
Execute     get_config_compile -keep_printf 
Execute     elaborate -effort=medium -skip_syncheck=0 -keep_printf=0 -lm=0 -skip_cdt=0 -skip_transform=0 -ng=0 -g=0 -opt_fp=0 -from_csynth_design=1 
Execute       get_config_schedule -relax_ii_for_timing 
Execute       get_config_schedule -suppress_dependence_error_break 
INFO: [HLS 200-10] Analyzing design file 'cic.cpp' ... 
INFO-FLOW: Compiling one TU...
Execute       is_m_axi_addr64 
INFO-FLOW: Handling cic.cpp as C++
Execute       get_default_platform 
Execute       is_encrypted cic.cpp 
Execute       get_default_platform 
INFO-FLOW: Source preprocessing
Execute       clang  -fno-limit-debug-info -gcc-toolchain "C:/Xilinx/Vivado/2018.2/msys" -hls  -fno-exceptions  -D__llvm__  -E "cic.cpp"     -fno-math-errno -c -emit-llvm -O0  -mllvm -disable-llvm-optzns -fno-threadsafe-statics  -fno-use-cxa-atexit  -fno-threadsafe-statics -fno-use-cxa-atexit -D__CLANG_3_1__ -D__cdecl= -DAESL_SYN -D__SYNTHESIS__ -D__HLS_SYN__ -I "C:/Xilinx/Vivado/2018.2/common/technology/autopilot" -I "C:/Xilinx/Vivado/2018.2/common/technology/autopilot/ap_sysc" -include etc/autopilot_ssdm_op.h -D__DSP48E1__  -o "C:/Users/raula/Documents/GitHub/digital/hls_cic/solution1/.autopilot/db/cic.pp.0.cpp" 
INFO-FLOW: exec C:/Xilinx/Vivado/2018.2/win64/tools/clang/bin/clang -fno-limit-debug-info -gcc-toolchain C:/Xilinx/Vivado/2018.2/msys -hls -fno-exceptions -D__llvm__ -E cic.cpp -fno-math-errno -c -emit-llvm -O0 -mllvm -disable-llvm-optzns -fno-threadsafe-statics -fno-use-cxa-atexit -fno-threadsafe-statics -fno-use-cxa-atexit -D__CLANG_3_1__ -D__cdecl= -DAESL_SYN -D__SYNTHESIS__ -D__HLS_SYN__ -I C:/Xilinx/Vivado/2018.2/common/technology/autopilot -I C:/Xilinx/Vivado/2018.2/common/technology/autopilot/ap_sysc -include etc/autopilot_ssdm_op.h -D__DSP48E1__ -o C:/Users/raula/Documents/GitHub/digital/hls_cic/solution1/.autopilot/db/cic.pp.0.cpp
Command       clang done; 1.836 sec.
INFO-FLOW: Syntax Checking before pre-processing...
Execute       clang  -fno-limit-debug-info -gcc-toolchain "C:/Xilinx/Vivado/2018.2/msys" -hls    -fno-math-errno -c -emit-llvm -O0  -mllvm -disable-llvm-optzns -fno-threadsafe-statics  -fno-use-cxa-atexit  -fno-threadsafe-statics -fno-use-cxa-atexit -D__CLANG_3_1__ -D__cdecl= -DAESL_SYN -D__SYNTHESIS__ -D__HLS_SYN__ -I "C:/Xilinx/Vivado/2018.2/common/technology/autopilot" -I "C:/Xilinx/Vivado/2018.2/common/technology/autopilot/ap_sysc" -include etc/autopilot_ssdm_op.h -D__DSP48E1__  "C:/Users/raula/Documents/GitHub/digital/hls_cic/solution1/.autopilot/db/cic.pp.0.cpp"  -o "C:/Users/raula/Documents/GitHub/digital/hls_cic/solution1/.autopilot/db/useless.bc"  
INFO-FLOW: exec C:/Xilinx/Vivado/2018.2/win64/tools/clang/bin/clang -fno-limit-debug-info -gcc-toolchain C:/Xilinx/Vivado/2018.2/msys -hls -fno-math-errno -c -emit-llvm -O0 -mllvm -disable-llvm-optzns -fno-threadsafe-statics -fno-use-cxa-atexit -fno-threadsafe-statics -fno-use-cxa-atexit -D__CLANG_3_1__ -D__cdecl= -DAESL_SYN -D__SYNTHESIS__ -D__HLS_SYN__ -I C:/Xilinx/Vivado/2018.2/common/technology/autopilot -I C:/Xilinx/Vivado/2018.2/common/technology/autopilot/ap_sysc -include etc/autopilot_ssdm_op.h -D__DSP48E1__ C:/Users/raula/Documents/GitHub/digital/hls_cic/solution1/.autopilot/db/cic.pp.0.cpp -o C:/Users/raula/Documents/GitHub/digital/hls_cic/solution1/.autopilot/db/useless.bc
Command       clang done; 2.378 sec.
INFO-FLOW: GCC PP time: 4 seconds per iteration
Execute       list_core -type functional_unit 
Execute       tidy_31 xilinx-systemc-detector C:/Users/raula/Documents/GitHub/digital/hls_cic/solution1/.autopilot/db/cic.pp.0.cpp std=gnu++98 -directive=C:/Users/raula/Documents/GitHub/digital/hls_cic/solution1/.autopilot/db/.systemc_flag 
INFO-FLOW: exec C:/Xilinx/Vivado/2018.2/win64/tools/clang-3.9-csynth/bin/tidy-3.1 -header-filter=.* --checks=-*,xilinx-systemc-detector -import-directive=C:/Users/raula/Documents/GitHub/digital/hls_cic/solution1/.autopilot/db/.systemc_flag -quiet -fix-errors C:/Users/raula/Documents/GitHub/digital/hls_cic/solution1/.autopilot/db/cic.pp.0.cpp -- -std=gnu++98 -fhls -ferror-limit=0
Command       tidy_31 done; 1.52 sec.
INFO-FLOW: CDT Preprocessing with tidy-3.1...
Execute       tidy_31 xilinx-directive2pragma C:/Users/raula/Documents/GitHub/digital/hls_cic/solution1/.autopilot/db/cic.pp.0.cpp std=gnu++98 -directive=C:/Users/raula/Documents/GitHub/digital/hls_cic/solution1/solution1.json 
INFO-FLOW: exec C:/Xilinx/Vivado/2018.2/win64/tools/clang-3.9-csynth/bin/tidy-3.1 -header-filter=.* --checks=-*,xilinx-directive2pragma -import-directive=C:/Users/raula/Documents/GitHub/digital/hls_cic/solution1/solution1.json -quiet -fix-errors C:/Users/raula/Documents/GitHub/digital/hls_cic/solution1/.autopilot/db/cic.pp.0.cpp -- -std=gnu++98 -fhls -ferror-limit=0
Command       tidy_31 done; 0.941 sec.
Execute       get_config_dataflow -strict_mode 
Execute       ap_eval exec -ignorestderr C:/Xilinx/Vivado/2018.2/win64/tools/clang-3.9-csynth/bin/xilinx-dataflow-lawyer -export-fixes=C:/Users/raula/Documents/GitHub/digital/hls_cic/solution1/.autopilot/db/xilinx-dataflow-lawyer.cic.pp.0.cpp.diag.yml C:/Users/raula/Documents/GitHub/digital/hls_cic/solution1/.autopilot/db/cic.pp.0.cpp -- -std=gnu++98 -fhls -ferror-limit=0 -fstrict-dataflow > C:/Users/raula/Documents/GitHub/digital/hls_cic/solution1/.autopilot/db/xilinx-dataflow-lawyer.cic.pp.0.cpp.out.log 2> C:/Users/raula/Documents/GitHub/digital/hls_cic/solution1/.autopilot/db/xilinx-dataflow-lawyer.cic.pp.0.cpp.err.log 
Command       ap_eval done; 0.871 sec.
Execute       tidy_31 -errorcheck xilinx-constantarray-param,xilinx-resource-pragma-transformer C:/Users/raula/Documents/GitHub/digital/hls_cic/solution1/.autopilot/db/cic.pp.0.cpp std=gnu++98 
INFO-FLOW: exec C:/Xilinx/Vivado/2018.2/win64/tools/clang-3.9-csynth/bin/tidy-3.1 -header-filter=.* --checks=-*,xilinx-constantarray-param,xilinx-resource-pragma-transformer -quiet -fix-errors C:/Users/raula/Documents/GitHub/digital/hls_cic/solution1/.autopilot/db/cic.pp.0.cpp -- -std=gnu++98 -fhls -ferror-limit=0
INFO-FLOW: exec C:/Xilinx/Vivado/2018.2/win64/tools/clang-3.9-csynth/bin/xilinx-legacy-rewriter C:/Users/raula/Documents/GitHub/digital/hls_cic/solution1/.autopilot/db/cic.pp.0.cpp -- -std=gnu++98 -fhls -ferror-limit=0
Command       tidy_31 done; 2.836 sec.
INFO-FLOW: tidy-3.1 time 4 seconds per iteration
INFO-FLOW: Pragma Handling...
Execute       tidy_31 xilinx-ssdm-intrinsics-arguments C:/Users/raula/Documents/GitHub/digital/hls_cic/solution1/.autopilot/db/cic.pragma.1.cpp std=gnu++98 
INFO-FLOW: exec C:/Xilinx/Vivado/2018.2/win64/tools/clang-3.9-csynth/bin/tidy-3.1 -header-filter=.* --checks=-*,xilinx-ssdm-intrinsics-arguments -quiet -fix-errors C:/Users/raula/Documents/GitHub/digital/hls_cic/solution1/.autopilot/db/cic.pragma.1.cpp -- -std=gnu++98 -fhls -ferror-limit=0
Command       tidy_31 done; 1.59 sec.
INFO-FLOW: Source preprocessing
Execute       clang  -fno-limit-debug-info -gcc-toolchain "C:/Xilinx/Vivado/2018.2/msys" -hls  -fno-exceptions  -D__llvm__  -E "C:/Users/raula/Documents/GitHub/digital/hls_cic/solution1/.autopilot/db/cic.pragma.1.cpp"     -fno-math-errno -c -emit-llvm -O0  -mllvm -disable-llvm-optzns -fno-threadsafe-statics  -fno-use-cxa-atexit  -fno-threadsafe-statics -fno-use-cxa-atexit -D__CLANG_3_1__ -D__cdecl= -DAESL_SYN -D__SYNTHESIS__ -D__HLS_SYN__ -I "C:/Xilinx/Vivado/2018.2/common/technology/autopilot" -I "C:/Xilinx/Vivado/2018.2/common/technology/autopilot/ap_sysc" -include etc/autopilot_ssdm_op.h -D__DSP48E1__  -o "C:/Users/raula/Documents/GitHub/digital/hls_cic/solution1/.autopilot/db/cic.pragma.2.cpp" 
INFO-FLOW: exec C:/Xilinx/Vivado/2018.2/win64/tools/clang/bin/clang -fno-limit-debug-info -gcc-toolchain C:/Xilinx/Vivado/2018.2/msys -hls -fno-exceptions -D__llvm__ -E C:/Users/raula/Documents/GitHub/digital/hls_cic/solution1/.autopilot/db/cic.pragma.1.cpp -fno-math-errno -c -emit-llvm -O0 -mllvm -disable-llvm-optzns -fno-threadsafe-statics -fno-use-cxa-atexit -fno-threadsafe-statics -fno-use-cxa-atexit -D__CLANG_3_1__ -D__cdecl= -DAESL_SYN -D__SYNTHESIS__ -D__HLS_SYN__ -I C:/Xilinx/Vivado/2018.2/common/technology/autopilot -I C:/Xilinx/Vivado/2018.2/common/technology/autopilot/ap_sysc -include etc/autopilot_ssdm_op.h -D__DSP48E1__ -o C:/Users/raula/Documents/GitHub/digital/hls_cic/solution1/.autopilot/db/cic.pragma.2.cpp
Command       clang done; 0.721 sec.
Execute       get_default_platform 
INFO-FLOW: Processing labels
Execute       clang -src C:/Users/raula/Documents/GitHub/digital/hls_cic/solution1/.autopilot/db/cic.pragma.2.cpp  -fno-limit-debug-info -gcc-toolchain C:/Xilinx/Vivado/2018.2/msys -hls -hls-analyze-label -hls-analyze-pragma -fno-exceptions  -D__llvm__  -w  "C:/Users/raula/Documents/GitHub/digital/hls_cic/solution1/.autopilot/db/cic.pragma.2.cpp"    -fno-math-errno -c -emit-llvm -O0  -mllvm -disable-llvm-optzns -fno-threadsafe-statics  -fno-use-cxa-atexit -DAESL_SYN -D__SYNTHESIS__ -D__HLS_SYN__ -I "C:/Xilinx/Vivado/2018.2/common/technology/autopilot" -I "C:/Xilinx/Vivado/2018.2/common/technology/autopilot/ap_sysc" -include etc/autopilot_ssdm_op.h -D__DSP48E1__ -g -o "C:/Users/raula/Documents/GitHub/digital/hls_cic/solution1/.autopilot/db/cic.bc" 
INFO-FLOW: exec C:/Xilinx/Vivado/2018.2/win64/tools/clang/bin/clang -fno-limit-debug-info -gcc-toolchain C:/Xilinx/Vivado/2018.2/msys -hls -hls-analyze-label -hls-analyze-pragma -fno-exceptions -D__llvm__ -w C:/Users/raula/Documents/GitHub/digital/hls_cic/solution1/.autopilot/db/cic.pragma.2.cpp -fno-math-errno -c -emit-llvm -O0 -mllvm -disable-llvm-optzns -fno-threadsafe-statics -fno-use-cxa-atexit -DAESL_SYN -D__SYNTHESIS__ -D__HLS_SYN__ -I C:/Xilinx/Vivado/2018.2/common/technology/autopilot -I C:/Xilinx/Vivado/2018.2/common/technology/autopilot/ap_sysc -include etc/autopilot_ssdm_op.h -D__DSP48E1__ -g -o C:/Users/raula/Documents/GitHub/digital/hls_cic/solution1/.autopilot/db/cic.bc
Command       clang done; 1.336 sec.
INFO: [HLS 200-10] Analyzing design file 'fir_simple.cpp' ... 
INFO-FLOW: Compiling one TU...
Execute       is_m_axi_addr64 
INFO-FLOW: Handling fir_simple.cpp as C++
Execute       get_default_platform 
Execute       is_encrypted fir_simple.cpp 
Execute       get_default_platform 
INFO-FLOW: Source preprocessing
Execute       clang  -fno-limit-debug-info -gcc-toolchain "C:/Xilinx/Vivado/2018.2/msys" -hls  -fno-exceptions  -D__llvm__  -E "fir_simple.cpp"     -fno-math-errno -c -emit-llvm -O0  -mllvm -disable-llvm-optzns -fno-threadsafe-statics  -fno-use-cxa-atexit  -fno-threadsafe-statics -fno-use-cxa-atexit -D__CLANG_3_1__ -D__cdecl= -DAESL_SYN -D__SYNTHESIS__ -D__HLS_SYN__ -I "C:/Xilinx/Vivado/2018.2/common/technology/autopilot" -I "C:/Xilinx/Vivado/2018.2/common/technology/autopilot/ap_sysc" -include etc/autopilot_ssdm_op.h -D__DSP48E1__  -o "C:/Users/raula/Documents/GitHub/digital/hls_cic/solution1/.autopilot/db/fir_simple.pp.0.cpp" 
INFO-FLOW: exec C:/Xilinx/Vivado/2018.2/win64/tools/clang/bin/clang -fno-limit-debug-info -gcc-toolchain C:/Xilinx/Vivado/2018.2/msys -hls -fno-exceptions -D__llvm__ -E fir_simple.cpp -fno-math-errno -c -emit-llvm -O0 -mllvm -disable-llvm-optzns -fno-threadsafe-statics -fno-use-cxa-atexit -fno-threadsafe-statics -fno-use-cxa-atexit -D__CLANG_3_1__ -D__cdecl= -DAESL_SYN -D__SYNTHESIS__ -D__HLS_SYN__ -I C:/Xilinx/Vivado/2018.2/common/technology/autopilot -I C:/Xilinx/Vivado/2018.2/common/technology/autopilot/ap_sysc -include etc/autopilot_ssdm_op.h -D__DSP48E1__ -o C:/Users/raula/Documents/GitHub/digital/hls_cic/solution1/.autopilot/db/fir_simple.pp.0.cpp
Command       clang done; 0.774 sec.
INFO-FLOW: Syntax Checking before pre-processing...
Execute       clang  -fno-limit-debug-info -gcc-toolchain "C:/Xilinx/Vivado/2018.2/msys" -hls    -fno-math-errno -c -emit-llvm -O0  -mllvm -disable-llvm-optzns -fno-threadsafe-statics  -fno-use-cxa-atexit  -fno-threadsafe-statics -fno-use-cxa-atexit -D__CLANG_3_1__ -D__cdecl= -DAESL_SYN -D__SYNTHESIS__ -D__HLS_SYN__ -I "C:/Xilinx/Vivado/2018.2/common/technology/autopilot" -I "C:/Xilinx/Vivado/2018.2/common/technology/autopilot/ap_sysc" -include etc/autopilot_ssdm_op.h -D__DSP48E1__  "C:/Users/raula/Documents/GitHub/digital/hls_cic/solution1/.autopilot/db/fir_simple.pp.0.cpp"  -o "C:/Users/raula/Documents/GitHub/digital/hls_cic/solution1/.autopilot/db/useless.bc"  
INFO-FLOW: exec C:/Xilinx/Vivado/2018.2/win64/tools/clang/bin/clang -fno-limit-debug-info -gcc-toolchain C:/Xilinx/Vivado/2018.2/msys -hls -fno-math-errno -c -emit-llvm -O0 -mllvm -disable-llvm-optzns -fno-threadsafe-statics -fno-use-cxa-atexit -fno-threadsafe-statics -fno-use-cxa-atexit -D__CLANG_3_1__ -D__cdecl= -DAESL_SYN -D__SYNTHESIS__ -D__HLS_SYN__ -I C:/Xilinx/Vivado/2018.2/common/technology/autopilot -I C:/Xilinx/Vivado/2018.2/common/technology/autopilot/ap_sysc -include etc/autopilot_ssdm_op.h -D__DSP48E1__ C:/Users/raula/Documents/GitHub/digital/hls_cic/solution1/.autopilot/db/fir_simple.pp.0.cpp -o C:/Users/raula/Documents/GitHub/digital/hls_cic/solution1/.autopilot/db/useless.bc
Command       clang done; 1.142 sec.
INFO-FLOW: GCC PP time: 1 seconds per iteration
Execute       list_core -type functional_unit 
Execute       tidy_31 xilinx-systemc-detector C:/Users/raula/Documents/GitHub/digital/hls_cic/solution1/.autopilot/db/fir_simple.pp.0.cpp std=gnu++98 -directive=C:/Users/raula/Documents/GitHub/digital/hls_cic/solution1/.autopilot/db/.systemc_flag 
INFO-FLOW: exec C:/Xilinx/Vivado/2018.2/win64/tools/clang-3.9-csynth/bin/tidy-3.1 -header-filter=.* --checks=-*,xilinx-systemc-detector -import-directive=C:/Users/raula/Documents/GitHub/digital/hls_cic/solution1/.autopilot/db/.systemc_flag -quiet -fix-errors C:/Users/raula/Documents/GitHub/digital/hls_cic/solution1/.autopilot/db/fir_simple.pp.0.cpp -- -std=gnu++98 -fhls -ferror-limit=0
Command       tidy_31 done; 0.544 sec.
INFO-FLOW: CDT Preprocessing with tidy-3.1...
Execute       tidy_31 xilinx-directive2pragma C:/Users/raula/Documents/GitHub/digital/hls_cic/solution1/.autopilot/db/fir_simple.pp.0.cpp std=gnu++98 -directive=C:/Users/raula/Documents/GitHub/digital/hls_cic/solution1/solution1.json 
INFO-FLOW: exec C:/Xilinx/Vivado/2018.2/win64/tools/clang-3.9-csynth/bin/tidy-3.1 -header-filter=.* --checks=-*,xilinx-directive2pragma -import-directive=C:/Users/raula/Documents/GitHub/digital/hls_cic/solution1/solution1.json -quiet -fix-errors C:/Users/raula/Documents/GitHub/digital/hls_cic/solution1/.autopilot/db/fir_simple.pp.0.cpp -- -std=gnu++98 -fhls -ferror-limit=0
Command       tidy_31 done; 0.524 sec.
Execute       get_config_dataflow -strict_mode 
Execute       ap_eval exec -ignorestderr C:/Xilinx/Vivado/2018.2/win64/tools/clang-3.9-csynth/bin/xilinx-dataflow-lawyer -export-fixes=C:/Users/raula/Documents/GitHub/digital/hls_cic/solution1/.autopilot/db/xilinx-dataflow-lawyer.fir_simple.pp.0.cpp.diag.yml C:/Users/raula/Documents/GitHub/digital/hls_cic/solution1/.autopilot/db/fir_simple.pp.0.cpp -- -std=gnu++98 -fhls -ferror-limit=0 -fstrict-dataflow > C:/Users/raula/Documents/GitHub/digital/hls_cic/solution1/.autopilot/db/xilinx-dataflow-lawyer.fir_simple.pp.0.cpp.out.log 2> C:/Users/raula/Documents/GitHub/digital/hls_cic/solution1/.autopilot/db/xilinx-dataflow-lawyer.fir_simple.pp.0.cpp.err.log 
Command       ap_eval done; 0.511 sec.
Execute       tidy_31 -errorcheck xilinx-constantarray-param,xilinx-resource-pragma-transformer C:/Users/raula/Documents/GitHub/digital/hls_cic/solution1/.autopilot/db/fir_simple.pp.0.cpp std=gnu++98 
INFO-FLOW: exec C:/Xilinx/Vivado/2018.2/win64/tools/clang-3.9-csynth/bin/tidy-3.1 -header-filter=.* --checks=-*,xilinx-constantarray-param,xilinx-resource-pragma-transformer -quiet -fix-errors C:/Users/raula/Documents/GitHub/digital/hls_cic/solution1/.autopilot/db/fir_simple.pp.0.cpp -- -std=gnu++98 -fhls -ferror-limit=0
INFO-FLOW: exec C:/Xilinx/Vivado/2018.2/win64/tools/clang-3.9-csynth/bin/xilinx-legacy-rewriter C:/Users/raula/Documents/GitHub/digital/hls_cic/solution1/.autopilot/db/fir_simple.pp.0.cpp -- -std=gnu++98 -fhls -ferror-limit=0
Command       tidy_31 done; 1.215 sec.
INFO-FLOW: tidy-3.1 time 2 seconds per iteration
INFO-FLOW: Pragma Handling...
Execute       tidy_31 xilinx-ssdm-intrinsics-arguments C:/Users/raula/Documents/GitHub/digital/hls_cic/solution1/.autopilot/db/fir_simple.pragma.1.cpp std=gnu++98 
INFO-FLOW: exec C:/Xilinx/Vivado/2018.2/win64/tools/clang-3.9-csynth/bin/tidy-3.1 -header-filter=.* --checks=-*,xilinx-ssdm-intrinsics-arguments -quiet -fix-errors C:/Users/raula/Documents/GitHub/digital/hls_cic/solution1/.autopilot/db/fir_simple.pragma.1.cpp -- -std=gnu++98 -fhls -ferror-limit=0
Command       tidy_31 done; 1.316 sec.
INFO-FLOW: Source preprocessing
Execute       clang  -fno-limit-debug-info -gcc-toolchain "C:/Xilinx/Vivado/2018.2/msys" -hls  -fno-exceptions  -D__llvm__  -E "C:/Users/raula/Documents/GitHub/digital/hls_cic/solution1/.autopilot/db/fir_simple.pragma.1.cpp"     -fno-math-errno -c -emit-llvm -O0  -mllvm -disable-llvm-optzns -fno-threadsafe-statics  -fno-use-cxa-atexit  -fno-threadsafe-statics -fno-use-cxa-atexit -D__CLANG_3_1__ -D__cdecl= -DAESL_SYN -D__SYNTHESIS__ -D__HLS_SYN__ -I "C:/Xilinx/Vivado/2018.2/common/technology/autopilot" -I "C:/Xilinx/Vivado/2018.2/common/technology/autopilot/ap_sysc" -include etc/autopilot_ssdm_op.h -D__DSP48E1__  -o "C:/Users/raula/Documents/GitHub/digital/hls_cic/solution1/.autopilot/db/fir_simple.pragma.2.cpp" 
INFO-FLOW: exec C:/Xilinx/Vivado/2018.2/win64/tools/clang/bin/clang -fno-limit-debug-info -gcc-toolchain C:/Xilinx/Vivado/2018.2/msys -hls -fno-exceptions -D__llvm__ -E C:/Users/raula/Documents/GitHub/digital/hls_cic/solution1/.autopilot/db/fir_simple.pragma.1.cpp -fno-math-errno -c -emit-llvm -O0 -mllvm -disable-llvm-optzns -fno-threadsafe-statics -fno-use-cxa-atexit -fno-threadsafe-statics -fno-use-cxa-atexit -D__CLANG_3_1__ -D__cdecl= -DAESL_SYN -D__SYNTHESIS__ -D__HLS_SYN__ -I C:/Xilinx/Vivado/2018.2/common/technology/autopilot -I C:/Xilinx/Vivado/2018.2/common/technology/autopilot/ap_sysc -include etc/autopilot_ssdm_op.h -D__DSP48E1__ -o C:/Users/raula/Documents/GitHub/digital/hls_cic/solution1/.autopilot/db/fir_simple.pragma.2.cpp
Command       clang done; 0.714 sec.
Execute       get_default_platform 
INFO-FLOW: Processing labels
Execute       clang -src C:/Users/raula/Documents/GitHub/digital/hls_cic/solution1/.autopilot/db/fir_simple.pragma.2.cpp  -fno-limit-debug-info -gcc-toolchain C:/Xilinx/Vivado/2018.2/msys -hls -hls-analyze-label -hls-analyze-pragma -fno-exceptions  -D__llvm__  -w  "C:/Users/raula/Documents/GitHub/digital/hls_cic/solution1/.autopilot/db/fir_simple.pragma.2.cpp"    -fno-math-errno -c -emit-llvm -O0  -mllvm -disable-llvm-optzns -fno-threadsafe-statics  -fno-use-cxa-atexit -DAESL_SYN -D__SYNTHESIS__ -D__HLS_SYN__ -I "C:/Xilinx/Vivado/2018.2/common/technology/autopilot" -I "C:/Xilinx/Vivado/2018.2/common/technology/autopilot/ap_sysc" -include etc/autopilot_ssdm_op.h -D__DSP48E1__ -g -o "C:/Users/raula/Documents/GitHub/digital/hls_cic/solution1/.autopilot/db/fir_simple.bc" 
INFO-FLOW: exec C:/Xilinx/Vivado/2018.2/win64/tools/clang/bin/clang -fno-limit-debug-info -gcc-toolchain C:/Xilinx/Vivado/2018.2/msys -hls -hls-analyze-label -hls-analyze-pragma -fno-exceptions -D__llvm__ -w C:/Users/raula/Documents/GitHub/digital/hls_cic/solution1/.autopilot/db/fir_simple.pragma.2.cpp -fno-math-errno -c -emit-llvm -O0 -mllvm -disable-llvm-optzns -fno-threadsafe-statics -fno-use-cxa-atexit -DAESL_SYN -D__SYNTHESIS__ -D__HLS_SYN__ -I C:/Xilinx/Vivado/2018.2/common/technology/autopilot -I C:/Xilinx/Vivado/2018.2/common/technology/autopilot/ap_sysc -include etc/autopilot_ssdm_op.h -D__DSP48E1__ -g -o C:/Users/raula/Documents/GitHub/digital/hls_cic/solution1/.autopilot/db/fir_simple.bc
Command       clang done; 1.165 sec.
INFO-FLOW: Linking Debug ...
Execute       llvm-ld C:/Users/raula/Documents/GitHub/digital/hls_cic/solution1/.autopilot/db/cic.g.bc C:/Users/raula/Documents/GitHub/digital/hls_cic/solution1/.autopilot/db/fir_simple.g.bc -hls-opt -except-internalize cic -LC:/Xilinx/Vivado/2018.2/win64/lib -lhlsm -lhlsmc++ -o C:/Users/raula/Documents/GitHub/digital/hls_cic/solution1/.autopilot/db/a.g 
Command       llvm-ld done; 5.975 sec.
INFO: [HLS 200-111] Finished Linking Time (s): cpu = 00:00:01 ; elapsed = 00:00:31 . Memory (MB): peak = 102.328 ; gain = 46.332
INFO: [HLS 200-111] Finished Checking Pragmas Time (s): cpu = 00:00:01 ; elapsed = 00:00:31 . Memory (MB): peak = 102.328 ; gain = 46.332
Execute       ::config_rtl 
Execute       opt_and_import_c a -opt_level=2 -skip_syncheck=0 -ng=0 -keep_printf=0 
Execute         cleanup_all_models 
INFO: [HLS 200-10] Starting code transformations ...
Execute         transform -promote-dbg-pointer C:/Users/raula/Documents/GitHub/digital/hls_cic/solution1/.autopilot/db/a.pp.bc -o C:/Users/raula/Documents/GitHub/digital/hls_cic/solution1/.autopilot/db/a.pp.0.bc -f 
Command         transform done; 0.184 sec.
Execute         llvm-ld C:/Users/raula/Documents/GitHub/digital/hls_cic/solution1/.autopilot/db/a.pp.0.bc -disable-opt -LC:/Xilinx/Vivado/2018.2/win64/lib -lfloatconversion -o C:/Users/raula/Documents/GitHub/digital/hls_cic/solution1/.autopilot/db/a.g.0 
Command         llvm-ld done; 0.563 sec.
INFO-FLOW: Running Standard Transforms...
Execute         transform -hls -share-std-xform -demangle-name -inline-byval-memcpy -always-inline -promote-dbg-pointer -interface-preproc -scalarrepl -mem2reg -keep-read-access -instcombine -dce -promote-dbg-pointer -bitop-raise -loop-simplify -indvarspre -indvars -loop-simplify -xunroll -constprop -instcombine -simplifycfg -indvars -simplifycfg -dce -globaldce -basicaa -simplifycfg -mem2reg -globalopt -global-constprop -deadargelim -instcombine -simplifycfg -prune-eh -simplifycfg -scalarrepl -instcombine -reassociate -licm -simplifycfg -loop-simplify -indvars -instcombine -simplifycfg -mem2reg -loop-simplify -indvars -instcombine -gvn -gvn -instcombine -adce -break-crit-edges -simplifycfg -loop-delete -global-array-opt -dce -dse -adce -find-syn-modules -top cic -deadargelim -mem2reg -instcombine -dce -presyn-prepare -auto-rom-infer -interface-preproc -syn-check -check-rec-only -find-region -simplifycfg -func-extr -function-inline -globaldce -mem2reg -instcombine -dce -gvn -globaldce -adce -adse -constprop -instcombine -bit-constprop -instcombine -dce -simplifycfg -bitop-raise -simplifycfg -dce -loop-delete -reassociate -globalopt -global-privatize -mem2reg -dce -global-constprop -pointer-simplify -constprop -dce -func-inst -deadargelim -auto-shift-reg-idiom -promote-dbg-pointer -norm-name C:/Users/raula/Documents/GitHub/digital/hls_cic/solution1/.autopilot/db/a.g.0.bc -o C:/Users/raula/Documents/GitHub/digital/hls_cic/solution1/.autopilot/db/a.g.1.bc -f -phase std-opt 
Command         transform done; 0.159 sec.
INFO: [HLS 200-111] Finished Standard Transforms Time (s): cpu = 00:00:01 ; elapsed = 00:00:32 . Memory (MB): peak = 121.090 ; gain = 65.094
INFO: [HLS 200-10] Checking synthesizability ...
INFO-FLOW: Checking Synthesizability 1/2..
Execute         transform -hls -syn-check -check-rec-only -disaggr -scalarrepl -norm-name -dce -mem2reg -instcombine -function-uniquify -directive-preproc -mem2reg -dse -dce -auto-rom-infer -dce -array-normalize -instcombine -dce -warn-fifo-pointer -array-seg-normalize -instcombine -dce -array-flatten -instcombine -dce -array-burst -dce -deadargelim -promote-global-argument -simplifycfg -mem2reg -globaldce -resolve-double-ptr -dce -deadargelim -dce -instcombine -function-inline -globaldce -dce -doublePtrSimplify -doublePtrElim -dce -doublePtrSimplify -promote-dbg-pointer -dce -scalarrepl -dse -adse -instcombine -ptrLegalization -simplifycfg -dce -instcombine -pointer-simplify -ptrArgReplace -dce -instcombine -disaggr -scalarrepl -norm-name -dce -mem2reg -instcombine -ptrLegalization -simplifycfg -deadargelim -instcombine -dce -inst-simplify -function-uniquify -directive-preproc -mem2reg -dse -dce -globaldce C:/Users/raula/Documents/GitHub/digital/hls_cic/solution1/.autopilot/db/a.g.1.bc -o C:/Users/raula/Documents/GitHub/digital/hls_cic/solution1/.autopilot/db/a.g.2.prechk.bc -f 
Command         transform done; 0.116 sec.
INFO-FLOW: Checking Synthesizability 2/2..
Execute         transform -syn-check C:/Users/raula/Documents/GitHub/digital/hls_cic/solution1/.autopilot/db/a.g.2.prechk.bc -o C:/Users/raula/Documents/GitHub/digital/hls_cic/solution1/.autopilot/db/a.g.2.bc -f -phase syn-check 
INFO: [HLS 200-111] Finished Checking Synthesizability Time (s): cpu = 00:00:01 ; elapsed = 00:00:32 . Memory (MB): peak = 128.930 ; gain = 72.934
INFO-FLOW: Compiler optimizing ...
INFO-FLOW: Share syncheck's 1.bc for syn flow: copy C:/Users/raula/Documents/GitHub/digital/hls_cic/solution1/.autopilot/db/a.g.1.bc to C:/Users/raula/Documents/GitHub/digital/hls_cic/solution1/.autopilot/db/a.o.1.bc
INFO-FLOW: Presyn 1...
Execute         transform -hls -tmp C:/Users/raula/Documents/GitHub/digital/hls_cic/solution1/.autopilot/db -interface-port-rename -type-info -function-uniquify -directive-preproc -mem2reg -dse -dce -disaggr -scalarrepl -norm-name -deadargelim -mem2reg -instcombine -dce -simplifycfg -auto-rom-infer -dce -function-uniquify -resource-proc -simplifycfg -mem2reg -globaldce -resolve-double-ptr -dce -deadargelim -dce -instcombine -clib-intrinsic-prepare -dce -func-buffer -dce -array-normalize -func-legal -instcombine -gvn -constprop -dce -ptrArgReplace -mem2reg -instcombine -dce -array-seg-normalize -deadargelim -instcombine -dce -pointer-simplify -dce -port-alignment -dce -interface-preproc -data-pack -instcombine -dce -basicaa -aggr-aa -aggrmodref-aa -aggr-aa -gvn -gvn -basicaa -aggr-aa -aggrmodref-aa -aggr-aa -dse -adse -adce -loop-simplify -indvars -instcombine -gvn -loop-simplify -mem2reg -dce -find-region -instcombine -auto-loop-pipeline -inst-simplify -interface-preproc -cfgopt -instcombine -indvars -auto-loop-unroll -loop-simplify -loop-bound -xunroll -constprop -instcombine -simplifycfg -indvars -simplifycfg -dce -globaldce -clean-region -attach-range -gvn -inst-simplify -constprop -simplifycfg -dce -pointer-simplify -dce -globalopt -constprop -dce -array-promote -constprop -instcombine -dce -ptrArgReplace -mem2reg -instcombine -simplifycfg -dce -auto-par -instcombine -dce -array-transform-check -array-reshape -instcombine -simplifycfg -dce -ptrArgReplace -deadargelim -mem2reg -instcombine -simplifycfg -dce -indvars -loop-simplify -loop-bound -xunroll -constprop -instcombine -simplifycfg -indvars -simplifycfg -dce -globaldce -duplicate-dataflow-processes -globaldce -instcombine -array-partition -instcombine -simplifycfg -dce -ptrArgReplace -global-constprop -deadargelim -mem2reg -func-legal -instcombine -dce -global-constprop -deadargelim -mem2reg -instcombine -simplifycfg -dce -merge-param -deadargelim -globalopt -constprop -dce -array-promote -constprop -instcombine -dce -ptrArgReplace -mem2reg -instcombine -simplifycfg -dce -mem-intrinsic-preproc -dce -global-internalize -global-privatize -mem2reg -globaldce -promote-global-argument -ptrArgReplace -mem2reg -instcombine -dce -globalopt -mergereturn -simplify-global-access -mem2reg -dce -pointer-simplify -dce -functionattrs -basicaa -aggr-aa -aggrmodref-aa -aggr-aa -gvn -gvn -basicaa -aggr-aa -aggrmodref-aa -aggr-aa -dse -adse -adce -inst-simplify -dce -norm-name -function-inline -globaldce -func-inst -constprop -instcombine -simplifycfg -dce -func-legal -dce -loop-bound -arraycheck -bitwidthmin -on-by-dataflow -loop-delete -instcombine -simplifycfg -globaldce -dce -gvn -deadargelim -dce -loop-simplify -clean-region -simplifycfg -propagate-stable-arguments -loop-stream -instcombine -simplifycfg -dce -globaldce -duplicate-dataflow-processes -stream-intrinsic-preproc -dce -check-ap-stream -loop-simplify -eliminate-keepreads -extract-dataflow-in-loop -loop-simplify -dce -gvn -deadargelim -dse -check-dataflow-syntax -legalize-stream-variable -legalize-global -extract-subproc -dce -dead-channel-elimination -canonicalize-gep -globaldce -dce -gvn -deadargelim -annotate-dataflow-channels -scalar-propagation -deadargelim -globaldce -mem2reg -check-dataflow-channels -function-stream -dce -globaldce -prop-fifo-spec -internal-stream-gen -canonicalize-gep -globaldce -dce -gvn -deadargelim -mergereturn -indvars -loop-simplify -instcombine -array-stream -array-seg-normalize -array-partition -func-legal -instcombine -simplifycfg -dce -bundle-memfifo-ops -deadargelim -function-uniquify -directive-preproc -mem2reg -dse -dce -group-axi-access -licm -simplifycfg -dce -loop-delete -norm-name C:/Users/raula/Documents/GitHub/digital/hls_cic/solution1/.autopilot/db/a.o.1.bc -o C:/Users/raula/Documents/GitHub/digital/hls_cic/solution1/.autopilot/db/a.o.1.tmp.bc -f 
INFO: [XFORM 203-502] Unrolling all sub-loops inside loop 'L1' (cic.cpp:26) in function 'cic' for pipelining.
INFO: [XFORM 203-501] Unrolling loop 'L2' (cic.cpp:26) in function 'cic' completely.
INFO: [XFORM 203-501] Unrolling loop 'L3' (cic.cpp:39) in function 'cic' completely.
INFO: [XFORM 203-102] Partitioning array 'inte.V' automatically.
INFO: [XFORM 203-102] Partitioning array 'deriv.V' automatically.
Command         transform done; 0.237 sec.
INFO-FLOW: Presyn 2...
Execute         transform -hls -keep-callgraph -scalarrepl -mem2reg -port-alignment -attach-range -dce -pipe-mux-gen -indvars -loop-bound -inst-simplify -instcombine -dce -merge-array-access -mem2reg -dce -clean-region -mergereturn -if-conv -instcombine -dce -constprop -basicaa -aggr-aa -aggrmodref-aa -aggr-aa -gvn -gvn -basicaa -aggr-aa -aggrmodref-aa -aggr-aa -dse -adse -adce -scalarrepl -mem2reg -global-constprop -deadargelim -deadargelim -instcombine -dce -simplifycfg -ptrArgReplace -mem2reg -function-inline -globaldce -mem2reg -instcombine -dce -expr-balance -instcombine -dce -bitwidthmin -interface-preproc -directive-preproc -inst-rectify -instcombine -dce -functionattrs -constprop -instcombine -bit-constprop -simplify-global-access -globalopt -globaldce -inst-simplify -instcombine -elimdeaddata -dce -loop-delete -simplifycfg -loop-simplify -auto-burst -norm-name C:/Users/raula/Documents/GitHub/digital/hls_cic/solution1/.autopilot/db/a.o.1.tmp.bc -o C:/Users/raula/Documents/GitHub/digital/hls_cic/solution1/.autopilot/db/a.o.2.bc -f -phase presyn 
Command         transform done; 0.101 sec.
INFO: [HLS 200-111] Finished Pre-synthesis Time (s): cpu = 00:00:01 ; elapsed = 00:00:32 . Memory (MB): peak = 161.211 ; gain = 105.215
INFO-FLOW: Building ssdm...
Execute         transform -hls -function-uniquify -auto-function-inline -globaldce -ptrArgReplace -mem2reg -instcombine -dce -reset-lda -loop-simplify -indvars -licm -loop-dep -loop-bound -licm -loop-simplify -flattenloopnest -array-flatten -gvn -instcombine -dce -array-map -dce -func-legal -gvn -adce -instcombine -cfgopt -simplifycfg -loop-simplify -array-burst -promote-global-argument -dce -axi4-lower -array-seg-normalize -basicaa -aggrmodref-aa -globalsmodref-aa -aggr-aa -gvn -gvn -basicaa -aggrmodref-aa -globalsmodref-aa -aggr-aa -dse -adse -adce -licm -inst-simplify -dce -globaldce -instcombine -array-stream -eliminate-keepreads -instcombine -dce -deadargelim -doublePtrSimplify -doublePtrElim -dce -doublePtrSimplify -promote-dbg-pointer -dce -scalarrepl -mem2reg -disaggr -norm-name -mem2reg -instcombine -dse -adse -adce -ptrLegalization -dce -auto-rom-infer -array-flatten -dce -instcombine -check-doubleptr -loop-rot -constprop -cfgopt -simplifycfg -loop-simplify -indvars -pointer-simplify -dce -loop-bound -loop-simplify -loop-preproc -constprop -global-constprop -gvn -mem2reg -instcombine -dce -loop-bound -loop-merge -dce -bitwidthmin -deadargelim -dce -canonicalize-dataflow -dce -scalar-propagation -deadargelim -globaldce -mem2reg -read-loop-dep -interface-preproc -directive-preproc -interface-gen -bram-byte-enable -deadargelim -inst-simplify -dce -gvn -mem2reg -instcombine -dce -adse -loop-bound -instcombine -cfgopt -simplifycfg -loop-simplify -clean-region -io-protocol -find-region -mem2reg -bitop-raise -inst-simplify -inst-rectify -instcombine -adce -deadargelim -loop-simplify -phi-opt -bitop-raise -cfgopt -simplifycfg -strip-dead-prototypes -interface-lower -bitop-lower -intrinsic-lower -auto-function-inline -basicaa -aggrmodref-aa -globalsmodref-aa -aggr-aa -inst-simplify -simplifycfg -loop-simplify -mergereturn -inst-simplify -inst-rectify -dce -load-elim -bitop-lower -loop-rewind -pointer-simplify -dce -cfgopt -dce -bitwidth -loop-dep -read-loop-dep -dce -check-stream -norm-name -legalize -validate-dataflow -dead-allocation-elimination -cdfg-build C:/Users/raula/Documents/GitHub/digital/hls_cic/solution1/.autopilot/db/a.o.2.bc -o C:/Users/raula/Documents/GitHub/digital/hls_cic/solution1/.autopilot/db/a.o.3.bc -f -phase build-ssdm 
Command         transform done; 0.14 sec.
INFO: [HLS 200-111] Finished Architecture Synthesis Time (s): cpu = 00:00:01 ; elapsed = 00:00:32 . Memory (MB): peak = 163.852 ; gain = 107.855
INFO-FLOW: Finish building internal data model.
Command       opt_and_import_c done; 1.615 sec.
Command     elaborate done; 30.988 sec.
Execute     autosyn -from_csynth_design=1 
INFO: [HLS 200-10] Starting hardware synthesis ...
INFO-FLOW: Synthesizing C/C++ design ...
INFO: [HLS 200-10] Synthesizing 'cic' ...
Execute       ap_set_top_model cic 
Execute       get_model_list cic -filter all-wo-channel -topdown 
Execute       preproc_iomode -model cic 
Execute       get_model_list cic -filter all-wo-channel 
INFO-FLOW: Model list for configure: cic
INFO-FLOW: Configuring Module : cic ...
Execute       set_default_model cic 
Execute       apply_spec_resource_limit cic 
INFO-FLOW: Model list for preprocess: cic
INFO-FLOW: Preprocessing Module: cic ...
Execute       set_default_model cic 
Execute       cdfg_preprocess -model cic 
Execute       rtl_gen_preprocess cic 
INFO-FLOW: Model list for synthesis: cic
INFO: [HLS 200-10] ----------------------------------------------------------------
INFO: [HLS 200-42] -- Implementing module 'cic' 
INFO: [HLS 200-10] ----------------------------------------------------------------
Execute       set_default_model cic 
Execute       schedule -model cic 
INFO: [SCHED 204-11] Starting scheduling ...
INFO: [SCHED 204-61] Pipelining loop 'L1'.
INFO: [SCHED 204-61] Pipelining result : Target II = 1, Final II = 1, Depth = 3.
INFO: [SCHED 204-11] Finished scheduling.
Command       schedule done; 0.231 sec.
INFO: [HLS 200-111]  Elapsed time: 32.621 seconds; current allocated memory: 111.358 MB.
Execute       report -o C:/Users/raula/Documents/GitHub/digital/hls_cic/solution1/.autopilot/db/cic.verbose.sched.rpt -verbose -f 
Execute       db_write -o C:/Users/raula/Documents/GitHub/digital/hls_cic/solution1/.autopilot/db/cic.sched.adb -f 
INFO-FLOW: Finish scheduling cic.
Execute       set_default_model cic 
Execute       bind -model cic 
BIND OPTION: fu_weight=[ 0.0 -- 1.0 ]
BIND OPTION: model=cic
BIND OPTION: reg_weight=[ 0.0 -- 1.0 ]
INFO: [BIND 205-100] Starting micro-architecture generation ...
INFO: [BIND 205-101] Performing variable lifetime analysis.
INFO: [BIND 205-101] Exploring resource sharing.
INFO: [BIND 205-101] Binding ...
INFO: [BIND 205-100] Finished micro-architecture generation.
INFO: [HLS 200-111]  Elapsed time: 0.133 seconds; current allocated memory: 111.572 MB.
Execute       report -o C:/Users/raula/Documents/GitHub/digital/hls_cic/solution1/.autopilot/db/cic.verbose.bind.rpt -verbose -f 
Execute       db_write -o C:/Users/raula/Documents/GitHub/digital/hls_cic/solution1/.autopilot/db/cic.bind.adb -f 
INFO-FLOW: Finish binding cic.
Execute       get_model_list cic -filter all-wo-channel 
INFO-FLOW: Preprocessing for RTLGen ...
Execute       rtl_gen_preprocess cic 
INFO-FLOW: Model list for RTL generation: cic
INFO: [HLS 200-10] ----------------------------------------------------------------
INFO: [HLS 200-10] -- Generating RTL for module 'cic' 
INFO: [HLS 200-10] ----------------------------------------------------------------
Execute       get_config_rtl -prefix 
Execute       get_config_rtl -auto_prefix 
Execute       create_rtl_model cic -vendor xilinx -mg_file C:/Users/raula/Documents/GitHub/digital/hls_cic/solution1/.autopilot/db/cic.compgen.tcl 
INFO: [RTGEN 206-500] Setting interface mode on port 'cic/ENTRADA_V' to 'axis' (register, both mode).
INFO: [RTGEN 206-500] Setting interface mode on function 'cic' to 'ap_ctrl_hs'.
WARNING: [RTGEN 206-101] Register 'inte_V_0' is power-on initialization.
WARNING: [RTGEN 206-101] Register 'inte_V_1' is power-on initialization.
WARNING: [RTGEN 206-101] Register 'inte_V_2' is power-on initialization.
WARNING: [RTGEN 206-101] Register 'inte_V_3' is power-on initialization.
WARNING: [RTGEN 206-101] Register 'inte_V_4' is power-on initialization.
WARNING: [RTGEN 206-101] Register 'deriv_V_0' is power-on initialization.
WARNING: [RTGEN 206-101] Register 'deriv_V_1' is power-on initialization.
WARNING: [RTGEN 206-101] Register 'deriv_V_2' is power-on initialization.
WARNING: [RTGEN 206-101] Register 'deriv_V_3' is power-on initialization.
WARNING: [RTGEN 206-101] Register 'deriv_V_4' is power-on initialization.
INFO: [RTGEN 206-100] Finished creating RTL model for 'cic'.
Command       create_rtl_model done; 0.299 sec.
INFO: [HLS 200-111]  Elapsed time: 0.41 seconds; current allocated memory: 111.988 MB.
Execute       source C:/Users/raula/Documents/GitHub/digital/hls_cic/solution1/.autopilot/db/cic.rtl_wrap.cfg.tcl 
Execute       gen_rtl cic -istop -style xilinx -tracefl mytrace -tracefmt vcd -traceopt all -f -lang sc -o C:/Users/raula/Documents/GitHub/digital/hls_cic/solution1/syn/systemc/cic -synmodules cic 
Execute       gen_rtl cic -istop -style xilinx -f -lang vhdl -o C:/Users/raula/Documents/GitHub/digital/hls_cic/solution1/syn/vhdl/cic 
Execute       gen_rtl cic -istop -style xilinx -f -lang vlog -o C:/Users/raula/Documents/GitHub/digital/hls_cic/solution1/syn/verilog/cic 
Execute       export_constraint_db -o C:/Users/raula/Documents/GitHub/digital/hls_cic/solution1/.autopilot/db/cic.constraint.tcl -f -tool general 
Execute       report -model cic -o C:/Users/raula/Documents/GitHub/digital/hls_cic/solution1/.autopilot/db/cic.design.xml -verbose -f -dv 
Execute       report -model cic -o C:/Users/raula/Documents/GitHub/digital/hls_cic/solution1/.autopilot/db/cic.sdaccel.xml -verbose -f -sdaccel 
Execute       gen_tb_info cic -o C:/Users/raula/Documents/GitHub/digital/hls_cic/solution1/.autopilot/db/cic -p C:/Users/raula/Documents/GitHub/digital/hls_cic/solution1/.autopilot/db 
Execute       report -model cic -o C:/Users/raula/Documents/GitHub/digital/hls_cic/solution1/syn/report/cic_csynth.rpt -f 
Execute       report -model cic -o C:/Users/raula/Documents/GitHub/digital/hls_cic/solution1/syn/report/cic_csynth.xml -f -x 
Execute       report -model cic -o C:/Users/raula/Documents/GitHub/digital/hls_cic/solution1/.autopilot/db/cic.verbose.rpt -verbose -f 
Execute       db_write -model cic -o C:/Users/raula/Documents/GitHub/digital/hls_cic/solution1/.autopilot/db/cic.adb -f 
Execute       sc_get_clocks cic 
Execute       sc_get_portdomain cic 
INFO-FLOW: Model list for RTL component generation: cic
INFO-FLOW: Handling components in module [cic] ... 
Execute       source C:/Users/raula/Documents/GitHub/digital/hls_cic/solution1/.autopilot/db/cic.compgen.tcl 
INFO-FLOW: Append model cic
INFO-FLOW: Generating RTL model list ...
INFO-FLOW: All models in this session: cic
INFO-FLOW: To file: write model cic
INFO-FLOW: Finished generating RTL model list.


INFO-FLOW: RTL Generation done.
INFO-FLOW: CAS Generation done.
INFO-FLOW: CBC Generation done.
Execute       get_config_sdx -target 
Execute       source C:/Users/raula/Documents/GitHub/digital/hls_cic/solution1/.autopilot/db/global.setting.tcl 
Execute       source C:/Xilinx/Vivado/2018.2/common/technology/generic/autopilot/common.gen 
Execute         source C:/Xilinx/Vivado/2018.2/common/technology/generic/autopilot/APCoreGen.gen 
Execute       source C:/Xilinx/Vivado/2018.2/common/technology/generic/autopilot/op.gen 
Execute       source C:/Xilinx/Vivado/2018.2/common/technology/generic/autopilot/op_simcore.gen 
Execute       source C:/Xilinx/Vivado/2018.2/common/technology/generic/autopilot/interface.gen 
Execute       source C:/Users/raula/Documents/GitHub/digital/hls_cic/solution1/.autopilot/db/global.setting.tcl 
Execute       source C:/Xilinx/Vivado/2018.2/common/technology/xilinx/artix7/artix7.gen 
Execute         source C:/Xilinx/Vivado/2018.2/common/technology/xilinx/common/virtex.gen 
Execute           source C:/Xilinx/Vivado/2018.2/common/technology/xilinx/common/xilinx.gen 
Execute             source C:/Xilinx/Vivado/2018.2/common/technology/xilinx/interface/plb46.gen 
Execute             source C:/Xilinx/Vivado/2018.2/common/technology/xilinx/interface/fsl.gen 
Execute             source C:/Xilinx/Vivado/2018.2/common/technology/xilinx/interface/axi4.gen 
Execute             source C:/Xilinx/Vivado/2018.2/common/technology/xilinx/interface/nativeAXI4.gen 
Execute               source C:/Xilinx/Vivado/2018.2/common/technology/xilinx/interface/saxilite.gen 
Execute               source C:/Xilinx/Vivado/2018.2/common/technology/xilinx/interface/maxi.gen 
Execute             source C:/Xilinx/Vivado/2018.2/common/technology/xilinx/scripts/xilinxcoregen.gen 
Execute             source C:/Xilinx/Vivado/2018.2/common/technology/xilinx/interface/XilEDKCoreGen.gen 
Execute             source C:/Xilinx/Vivado/2018.2/common/technology/xilinx/ip/dds_compiler.gen 
Execute             source C:/Xilinx/Vivado/2018.2/common/technology/xilinx/ip/util.gen 
Execute             source C:/Xilinx/Vivado/2018.2/common/technology/xilinx/ip/xfft.gen 
Command             ap_source done; 0.11 sec.
Execute             source C:/Xilinx/Vivado/2018.2/common/technology/xilinx/ip/xfir.gen 
Command           ap_source done; 0.209 sec.
Execute           source C:/Xilinx/Vivado/2018.2/common/technology/xilinx/common/dsp48.gen 
Command         ap_source done; 0.216 sec.
Command       ap_source done; 0.216 sec.
Execute       source C:/Xilinx/Vivado/2018.2/common/technology/xilinx/artix7/artix7_fpv6.gen 
Execute         source C:/Xilinx/Vivado/2018.2/common/technology/xilinx/common/xilinx_fpv6.gen 
Execute       source C:/Users/raula/Documents/GitHub/digital/hls_cic/solution1/.autopilot/db/global.setting.tcl 
Execute       source C:/Users/raula/Documents/GitHub/digital/hls_cic/solution1/.autopilot/db/global.setting.tcl 
Execute       source C:/Users/raula/Documents/GitHub/digital/hls_cic/solution1/.autopilot/db/global.setting.tcl 
Execute       source C:/Users/raula/Documents/GitHub/digital/hls_cic/solution1/.autopilot/db/cic.compgen.tcl 
Execute       get_config_sdx -target 
Execute       source C:/Users/raula/Documents/GitHub/digital/hls_cic/solution1/.autopilot/db/global.setting.tcl 
Execute       source C:/Xilinx/Vivado/2018.2/common/technology/generic/autopilot/common.gen 
Execute         source C:/Xilinx/Vivado/2018.2/common/technology/generic/autopilot/APCoreGen.gen 
Execute       source C:/Xilinx/Vivado/2018.2/common/technology/generic/autopilot/op.gen 
Execute       source C:/Xilinx/Vivado/2018.2/common/technology/generic/autopilot/op_simcore.gen 
Execute       source C:/Xilinx/Vivado/2018.2/common/technology/generic/autopilot/interface.gen 
Execute       source C:/Users/raula/Documents/GitHub/digital/hls_cic/solution1/.autopilot/db/global.setting.tcl 
Execute       source C:/Xilinx/Vivado/2018.2/common/technology/xilinx/artix7/artix7.gen 
Execute         source C:/Xilinx/Vivado/2018.2/common/technology/xilinx/common/virtex.gen 
Execute           source C:/Xilinx/Vivado/2018.2/common/technology/xilinx/common/xilinx.gen 
Execute             source C:/Xilinx/Vivado/2018.2/common/technology/xilinx/interface/plb46.gen 
Execute             source C:/Xilinx/Vivado/2018.2/common/technology/xilinx/interface/fsl.gen 
Execute             source C:/Xilinx/Vivado/2018.2/common/technology/xilinx/interface/axi4.gen 
Execute             source C:/Xilinx/Vivado/2018.2/common/technology/xilinx/interface/nativeAXI4.gen 
Execute               source C:/Xilinx/Vivado/2018.2/common/technology/xilinx/interface/saxilite.gen 
Execute               source C:/Xilinx/Vivado/2018.2/common/technology/xilinx/interface/maxi.gen 
Execute             source C:/Xilinx/Vivado/2018.2/common/technology/xilinx/scripts/xilinxcoregen.gen 
Execute             source C:/Xilinx/Vivado/2018.2/common/technology/xilinx/interface/XilEDKCoreGen.gen 
Execute             source C:/Xilinx/Vivado/2018.2/common/technology/xilinx/ip/dds_compiler.gen 
Execute             source C:/Xilinx/Vivado/2018.2/common/technology/xilinx/ip/util.gen 
Execute             source C:/Xilinx/Vivado/2018.2/common/technology/xilinx/ip/xfft.gen 
Execute             source C:/Xilinx/Vivado/2018.2/common/technology/xilinx/ip/xfir.gen 
Command           ap_source done; 0.122 sec.
Execute           source C:/Xilinx/Vivado/2018.2/common/technology/xilinx/common/dsp48.gen 
Command         ap_source done; 0.124 sec.
Command       ap_source done; 0.125 sec.
Execute       source C:/Xilinx/Vivado/2018.2/common/technology/xilinx/artix7/artix7_fpv6.gen 
Execute         source C:/Xilinx/Vivado/2018.2/common/technology/xilinx/common/xilinx_fpv6.gen 
Execute       source C:/Users/raula/Documents/GitHub/digital/hls_cic/solution1/.autopilot/db/cic.rtl_wrap.cfg.tcl 
Execute       source C:/Users/raula/Documents/GitHub/digital/hls_cic/solution1/.autopilot/db/cic.rtl_wrap.cfg.tcl 
Execute       source C:/Users/raula/Documents/GitHub/digital/hls_cic/solution1/.autopilot/db/cic.rtl_wrap.cfg.tcl 
Execute       source C:/Users/raula/Documents/GitHub/digital/hls_cic/solution1/.autopilot/db/cic.tbgen.tcl 
Execute       source C:/Users/raula/Documents/GitHub/digital/hls_cic/solution1/.autopilot/db/cic.tbgen.tcl 
Execute       source C:/Users/raula/Documents/GitHub/digital/hls_cic/solution1/.autopilot/db/global.setting.tcl 
Execute       source C:/Users/raula/Documents/GitHub/digital/hls_cic/solution1/.autopilot/db/cic.compgen.tcl 
Execute       source C:/Users/raula/Documents/GitHub/digital/hls_cic/solution1/.autopilot/db/global.setting.tcl 
Execute       source C:/Users/raula/Documents/GitHub/digital/hls_cic/solution1/.autopilot/db/cic.compgen.tcl 
Execute       source C:/Users/raula/Documents/GitHub/digital/hls_cic/solution1/.autopilot/db/global.setting.tcl 
Execute       source C:/Users/raula/Documents/GitHub/digital/hls_cic/solution1/.autopilot/db/cic.compgen.tcl 
Execute       source C:/Users/raula/Documents/GitHub/digital/hls_cic/solution1/.autopilot/db/global.setting.tcl 
Execute       source C:/Users/raula/Documents/GitHub/digital/hls_cic/solution1/.autopilot/db/cic.constraint.tcl 
Execute       source C:/Users/raula/Documents/GitHub/digital/hls_cic/solution1/.autopilot/db/cic.tbgen.tcl 
Execute       source C:/Users/raula/Documents/GitHub/digital/hls_cic/solution1/.autopilot/db/global.setting.tcl 
Execute       source C:/Users/raula/Documents/GitHub/digital/hls_cic/solution1/.autopilot/db/global.setting.tcl 
Execute       source C:/Users/raula/Documents/GitHub/digital/hls_cic/solution1/.autopilot/db/global.setting.tcl 
Execute       source C:/Users/raula/Documents/GitHub/digital/hls_cic/solution1/.autopilot/db/cic.tbgen.tcl 
Execute       source C:/Users/raula/Documents/GitHub/digital/hls_cic/solution1/.autopilot/db/cic.tbgen.tcl 
Execute       source C:/Users/raula/Documents/GitHub/digital/hls_cic/solution1/.autopilot/db/global.setting.tcl 
Execute       source C:/Users/raula/Documents/GitHub/digital/hls_cic/solution1/.autopilot/db/cic.constraint.tcl 
Execute       sc_get_clocks cic 
Execute       source C:/Users/raula/Documents/GitHub/digital/hls_cic/solution1/.autopilot/db/global.setting.tcl 
Execute       get_config_sdx -target 
Execute       get_config_sdx -profile 
Execute       ::config_rtl 
INFO: [HLS 200-111] Finished generating all RTL models Time (s): cpu = 00:00:02 ; elapsed = 00:00:34 . Memory (MB): peak = 163.852 ; gain = 107.855
INFO: [SYSC 207-301] Generating SystemC RTL for cic.
INFO: [VHDL 208-304] Generating VHDL RTL for cic.
INFO: [VLOG 209-307] Generating Verilog RTL for cic.
Command     autosyn done; 2.215 sec.
Command   csynth_design done; 33.223 sec.
Command ap_source done; 33.806 sec.
Execute cleanup_all 
INFO-FLOW: Workspace C:/Users/raula/Documents/GitHub/digital/hls_cic/solution1 opened at Sat May 25 12:13:00 +0200 2024
Execute     config_clock -quiet -name default -period 10 -default=false 
INFO: [SYN 201-201] Setting up clock 'default' with a period of 10ns.
Execute     open_platform DefaultPlatform 
Execute     import_lib C:/Xilinx/Vivado/2018.2/common/technology/xilinx/artix7/artix7 
Execute       source C:/Xilinx/Vivado/2018.2/common/technology/xilinx/common/xilinx.lib 
Execute         source C:/Xilinx/Vivado/2018.2/common/technology/xilinx/interface/xilinx_interface.lib 
Execute           source C:/Xilinx/Vivado/2018.2/common/technology/xilinx/interface/plb46.lib 
Execute           source C:/Xilinx/Vivado/2018.2/common/technology/xilinx/interface/fsl.lib 
Execute           source C:/Xilinx/Vivado/2018.2/common/technology/xilinx/interface/axi4.lib 
Execute           source C:/Xilinx/Vivado/2018.2/common/technology/xilinx/interface/maxi.lib 
Execute           source C:/Xilinx/Vivado/2018.2/common/technology/xilinx/interface/saxilite.lib 
Execute         source C:/Xilinx/Vivado/2018.2/common/technology/xilinx/common/dsp48.lib 
Execute         source C:/Xilinx/Vivado/2018.2/common/technology/xilinx/ip/dds_compiler.lib 
Execute         source C:/Xilinx/Vivado/2018.2/common/technology/xilinx/ip/xfft.lib 
Execute         source C:/Xilinx/Vivado/2018.2/common/technology/xilinx/ip/xfir.lib 
Execute       source C:/Xilinx/Vivado/2018.2/common/technology/xilinx/common/xilinx_old.lib 
Execute       source C:/Xilinx/Vivado/2018.2/common/technology/xilinx/common/xilinx_vivado.lib 
Execute       source C:/Xilinx/Vivado/2018.2/common/technology/xilinx/common/xilinx.hlp 
Execute         source C:/Xilinx/Vivado/2018.2/common/technology/xilinx/common/target_info.tcl 
Execute         source C:/Xilinx/Vivado/2018.2/common/technology/xilinx/interface/xilinx_interface.hlp 
Execute           source C:/Xilinx/Vivado/2018.2/common/technology/xilinx/interface/maxi.hlp 
Execute           source C:/Xilinx/Vivado/2018.2/common/technology/xilinx/interface/saxilite.hlp 
Execute         source C:/Xilinx/Vivado/2018.2/common/technology/xilinx/common/dsp48.hlp 
Execute       source C:/Xilinx/Vivado/2018.2/common/technology/xilinx/artix7/dsp48e1.hlp 
Execute       get_default_platform 
Execute       config_chip_info -quiet -resource  {SLICE 15850} {LUT 63400}     {FF 126800} {DSP48E 240}    {BRAM 270}  
Execute       config_chip_info -quiet -speed medium 
Execute       source C:/Xilinx/Vivado/2018.2/common/technology/xilinx/common/xilinx.hlp 
Execute         source C:/Xilinx/Vivado/2018.2/common/technology/xilinx/common/target_info.tcl 
Execute         source C:/Xilinx/Vivado/2018.2/common/technology/xilinx/interface/xilinx_interface.hlp 
Execute           source C:/Xilinx/Vivado/2018.2/common/technology/xilinx/interface/maxi.hlp 
Execute           source C:/Xilinx/Vivado/2018.2/common/technology/xilinx/interface/saxilite.hlp 
Execute         source C:/Xilinx/Vivado/2018.2/common/technology/xilinx/common/dsp48.hlp 
Execute     source C:/Xilinx/Vivado/2018.2/common/technology/xilinx/artix7/artix7.gen 
Execute       source C:/Xilinx/Vivado/2018.2/common/technology/xilinx/common/virtex.gen 
Execute         source C:/Xilinx/Vivado/2018.2/common/technology/xilinx/common/xilinx.gen 
Execute           source C:/Xilinx/Vivado/2018.2/common/technology/xilinx/interface/plb46.gen 
Execute           source C:/Xilinx/Vivado/2018.2/common/technology/xilinx/interface/fsl.gen 
Execute           source C:/Xilinx/Vivado/2018.2/common/technology/xilinx/interface/axi4.gen 
Execute           source C:/Xilinx/Vivado/2018.2/common/technology/xilinx/interface/nativeAXI4.gen 
Execute             source C:/Xilinx/Vivado/2018.2/common/technology/xilinx/interface/saxilite.gen 
Execute             source C:/Xilinx/Vivado/2018.2/common/technology/xilinx/interface/maxi.gen 
Execute           source C:/Xilinx/Vivado/2018.2/common/technology/xilinx/scripts/xilinxcoregen.gen 
Execute           source C:/Xilinx/Vivado/2018.2/common/technology/xilinx/interface/XilEDKCoreGen.gen 
Execute           source C:/Xilinx/Vivado/2018.2/common/technology/xilinx/ip/dds_compiler.gen 
Execute           source C:/Xilinx/Vivado/2018.2/common/technology/xilinx/ip/util.gen 
Execute           source C:/Xilinx/Vivado/2018.2/common/technology/xilinx/ip/xfft.gen 
Command           ap_source done; 0.223 sec.
Execute           source C:/Xilinx/Vivado/2018.2/common/technology/xilinx/ip/xfir.gen 
Command         ap_source done; 0.307 sec.
Execute         source C:/Xilinx/Vivado/2018.2/common/technology/xilinx/common/dsp48.gen 
Command       ap_source done; 0.312 sec.
Command     ap_source done; 0.313 sec.
Execute     open_platform DefaultPlatform 
Execute     import_lib C:/Xilinx/Vivado/2018.2/common/technology/xilinx/artix7/artix7_fpv6 
Execute       source C:/Xilinx/Vivado/2018.2/common/technology/xilinx/common/xilinx_fpv7.lib 
Execute         source C:/Xilinx/Vivado/2018.2/common/technology/xilinx/common/xilinx_hp.lib 
Execute       source C:/Xilinx/Vivado/2018.2/common/technology/xilinx/common/xilinx_fpv.hlp 
Execute         source C:/Xilinx/Vivado/2018.2/common/technology/xilinx/common/xilinx.hlp 
Execute           source C:/Xilinx/Vivado/2018.2/common/technology/xilinx/common/target_info.tcl 
Execute           source C:/Xilinx/Vivado/2018.2/common/technology/xilinx/interface/xilinx_interface.hlp 
Execute             source C:/Xilinx/Vivado/2018.2/common/technology/xilinx/interface/maxi.hlp 
Execute             source C:/Xilinx/Vivado/2018.2/common/technology/xilinx/interface/saxilite.hlp 
Execute           source C:/Xilinx/Vivado/2018.2/common/technology/xilinx/common/dsp48.hlp 
Execute       source C:/Xilinx/Vivado/2018.2/common/technology/xilinx/artix7/artix7_hp.hlp 
Execute     source C:/Xilinx/Vivado/2018.2/common/technology/xilinx/artix7/artix7_fpv6.gen 
Execute       source C:/Xilinx/Vivado/2018.2/common/technology/xilinx/common/xilinx_fpv6.gen 
Execute     set_part xc7a200tfbg676-2 
Execute       add_library xilinx/artix7/artix7:xc7a200t:fbg676:-2 
Execute         get_default_platform 
Execute         license_isbetapart xc7a200t 
Command         license_isbetapart done; error code: 1; 
Execute         get_default_platform 
Execute         config_chip_info -quiet -resource  {SLICE 33650} {LUT 129000}    {FF 269200} {DSP48E 740}    {BRAM 730}  
Execute         config_chip_info -quiet -speed medium 
Execute       add_library xilinx/artix7/artix7_fpv6 
Execute         get_default_platform 
INFO: [HLS 200-10] Setting target device to 'xc7a200tfbg676-2'
Execute       get_default_platform 
Command     set_part done; 0.108 sec.
Execute     get_default_platform 
Execute     config_chip_info -quiet -resource  {SLICE 33650} {LUT 129000}    {FF 269200} {DSP48E 740}    {BRAM 730}  
Execute     config_chip_info -quiet -speed medium 
Command   open_solution done; 0.55 sec.
Execute   csim_design -setup -use_gcc -quiet 
Execute     source C:/Users/raula/Documents/GitHub/digital/hls_cic/solution1/.autopilot/db/global.setting.tcl 
INFO: [SIM 211-2] *************** CSIM start ***************
INFO: [SIM 211-4] CSIM will launch GCC as the compiler.
Execute     source csim/.lst_opt.tcl 
Execute     is_encrypted C:/Users/raula/Documents/GitHub/digital/test.cpp 
Execute     is_xip C:/Users/raula/Documents/GitHub/digital/test.cpp 
Execute     is_encrypted C:/Users/raula/Documents/GitHub/digital/cic_input.txt 
Execute     is_xip C:/Users/raula/Documents/GitHub/digital/cic_input.txt 
Execute     is_encrypted C:/Users/raula/Documents/GitHub/digital/fir_simple.cpp 
Execute     is_xip C:/Users/raula/Documents/GitHub/digital/fir_simple.cpp 
Execute     is_encrypted C:/Users/raula/Documents/GitHub/digital/fir.h 
Execute     is_xip C:/Users/raula/Documents/GitHub/digital/fir.h 
Execute     is_encrypted C:/Users/raula/Documents/GitHub/digital/filtro.h 
Execute     is_xip C:/Users/raula/Documents/GitHub/digital/filtro.h 
Execute     is_encrypted C:/Users/raula/Documents/GitHub/digital/coefPFIR.h 
Execute     is_xip C:/Users/raula/Documents/GitHub/digital/coefPFIR.h 
Execute     is_encrypted C:/Users/raula/Documents/GitHub/digital/coefCFIR.h 
Execute     is_xip C:/Users/raula/Documents/GitHub/digital/coefCFIR.h 
Execute     is_encrypted C:/Users/raula/Documents/GitHub/digital/cic.cpp 
Execute     is_xip C:/Users/raula/Documents/GitHub/digital/cic.cpp 
Execute     get_default_platform 
INFO: [SIM 211-1] CSim file generation done with 0 errors.
INFO: [SIM 211-3] *************** CSIM finish ***************
Command   csim_design done; 4.287 sec.
Command ap_source done; 4.882 sec.
Execute cleanup_all 
