INFO: [SIM 2] *************** CSIM start ***************
INFO: [SIM 4] CSIM will launch GCC as the compiler.
   Compiling ../../../../test.cpp in debug mode
   Compiling ../../../../cic.cpp in debug mode
   Compiling ../../../../fir_simple.cpp in debug mode
   Generating csim.exe
Makefile.rules:399: recipe for target 'csim.exe' failed
In file included from C:/Xilinx/Vivado/2018.2/include/floating_point_v7_0_bitacc_cmodel.h:143:0,
                 from C:/Xilinx/Vivado/2018.2/include/hls_fpo.h:166,
                 from C:/Xilinx/Vivado/2018.2/include/hls_half.h:58,
                 from C:/Xilinx/Vivado/2018.2/include/ap_int_sim.h:73,
                 from C:/Xilinx/Vivado/2018.2/include/ap_int.h:65,
                 from ../../../../filtro.h:1,
                 from ../../../../test.cpp:4:
C:/Xilinx/Vivado/2018.2/include/gmp.h:62:0: warning: "__GMP_LIBGMP_DLL" redefined
 #define __GMP_LIBGMP_DLL  0
 
In file included from C:/Xilinx/Vivado/2018.2/include/hls_fpo.h:166:0,
                 from C:/Xilinx/Vivado/2018.2/include/hls_half.h:58,
                 from C:/Xilinx/Vivado/2018.2/include/ap_int_sim.h:73,
                 from C:/Xilinx/Vivado/2018.2/include/ap_int.h:65,
                 from ../../../../filtro.h:1,
                 from ../../../../test.cpp:4:
C:/Xilinx/Vivado/2018.2/include/floating_point_v7_0_bitacc_cmodel.h:135:0: note: this is the location of the previous definition
 #define __GMP_LIBGMP_DLL 1
 
In file included from C:/Xilinx/Vivado/2018.2/include/floating_point_v7_0_bitacc_cmodel.h:143:0,
                 from C:/Xilinx/Vivado/2018.2/include/hls_fpo.h:166,
                 from C:/Xilinx/Vivado/2018.2/include/hls_half.h:58,
                 from C:/Xilinx/Vivado/2018.2/include/ap_int_sim.h:73,
                 from C:/Xilinx/Vivado/2018.2/include/ap_int.h:65,
                 from ../../../../cic.cpp:2:
C:/Xilinx/Vivado/2018.2/include/gmp.h:62:0: warning: "__GMP_LIBGMP_DLL" redefined
 #define __GMP_LIBGMP_DLL  0
 
In file included from C:/Xilinx/Vivado/2018.2/include/hls_fpo.h:166:0,
                 from C:/Xilinx/Vivado/2018.2/include/hls_half.h:58,
                 from C:/Xilinx/Vivado/2018.2/include/ap_int_sim.h:73,
                 from C:/Xilinx/Vivado/2018.2/include/ap_int.h:65,
                 from ../../../../cic.cpp:2:
C:/Xilinx/Vivado/2018.2/include/floating_point_v7_0_bitacc_cmodel.h:135:0: note: this is the location of the previous definition
 #define __GMP_LIBGMP_DLL 1
 
In file included from C:/Xilinx/Vivado/2018.2/include/floating_point_v7_0_bitacc_cmodel.h:143:0,
                 from C:/Xilinx/Vivado/2018.2/include/hls_fpo.h:166,
                 from C:/Xilinx/Vivado/2018.2/include/hls_half.h:58,
                 from C:/Xilinx/Vivado/2018.2/include/ap_int_sim.h:73,
                 from C:/Xilinx/Vivado/2018.2/include/ap_int.h:65,
                 from ../../../../fir.h:1,
                 from ../../../../fir_simple.cpp:1:
C:/Xilinx/Vivado/2018.2/include/gmp.h:62:0: warning: "__GMP_LIBGMP_DLL" redefined
 #define __GMP_LIBGMP_DLL  0
 
In file included from C:/Xilinx/Vivado/2018.2/include/hls_fpo.h:166:0,
                 from C:/Xilinx/Vivado/2018.2/include/hls_half.h:58,
                 from C:/Xilinx/Vivado/2018.2/include/ap_int_sim.h:73,
                 from C:/Xilinx/Vivado/2018.2/include/ap_int.h:65,
                 from ../../../../fir.h:1,
                 from ../../../../fir_simple.cpp:1:
C:/Xilinx/Vivado/2018.2/include/floating_point_v7_0_bitacc_cmodel.h:135:0: note: this is the location of the previous definition
 #define __GMP_LIBGMP_DLL 1
 
obj/cic.o: In function `sistema(ap_fixed<16, 2, (ap_q_mode)5, (ap_o_mode)3, 0>*)':
C:\Users\raula\Desktop\Sistemas_digitales\TRABAJO\hls_cic\solution1\csim\build/../../../../cic.cpp:68: undefined reference to `void FIR<ap_fixed<24, -1, (ap_q_mode)5, (ap_o_mode)3, 0> const [21], 21>(ap_fixed<16, 2, (ap_q_mode)5, (ap_o_mode)3, 0>, ap_fixed<16, 2, (ap_q_mode)5, (ap_o_mode)3, 0>*, ap_fixed<24, -1, (ap_q_mode)5, (ap_o_mode)3, 0> const [21])'
C:\Users\raula\Desktop\Sistemas_digitales\TRABAJO\hls_cic\solution1\csim\build/../../../../cic.cpp:75: undefined reference to `void FIR<ap_fixed<24, -1, (ap_q_mode)5, (ap_o_mode)3, 0> const [63], 63>(ap_fixed<16, 2, (ap_q_mode)5, (ap_o_mode)3, 0>, ap_fixed<16, 2, (ap_q_mode)5, (ap_o_mode)3, 0>*, ap_fixed<24, -1, (ap_q_mode)5, (ap_o_mode)3, 0> const [63])'
collect2.exe: error: ld returned 1 exit status
make: *** [csim.exe] Error 1
ERR: [SIM 100] CSim file generation failed: compilation error(s).
INFO: [SIM 3] *************** CSIM finish ***************
